<?xml version="1.0" encoding="UTF-8"?>
<testng-results skipped="0" failed="0" ignored="0" total="4" passed="4">
  <reporter-output>
  </reporter-output>
  <suite name="Parallel test suite" duration-ms="15147" started-at="2018-05-30T13:09:11Z" finished-at="2018-05-30T13:09:27Z">
    <groups>
    </groups>
    <test name="IETest" duration-ms="12063" started-at="2018-05-30T13:09:11Z" finished-at="2018-05-30T13:09:23Z">
      <class name="TestModule.LoginTest">
        <test-method status="PASS" signature="classSetUp()[pri:0, instance:TestModule.LoginTest@548e7350]" name="classSetUp" is-config="true" duration-ms="6" started-at="2018-05-30T18:39:11Z" finished-at="2018-05-30T18:39:11Z">
          <reporter-output>
          </reporter-output>
        </test-method> <!-- classSetUp -->
        <test-method status="PASS" signature="beforeTest(java.lang.String)[pri:0, instance:TestModule.LoginTest@548e7350]" name="beforeTest" is-config="true" duration-ms="3565" started-at="2018-05-30T18:39:11Z" finished-at="2018-05-30T18:39:15Z">
          <params>
            <param index="0">
              <value>
                <![CDATA[ie]]>
              </value>
            </param>
          </params>
          <reporter-output>
          </reporter-output>
        </test-method> <!-- beforeTest -->
        <test-method status="PASS" signature="login()[pri:0, instance:TestModule.LoginTest@548e7350]" name="login" duration-ms="8470" started-at="2018-05-30T18:39:15Z" description="This is Test Login BMS" finished-at="2018-05-30T18:39:23Z">
          <reporter-output>
          </reporter-output>
        </test-method> <!-- login -->
        <test-method status="PASS" signature="methodSetup(java.lang.reflect.Method)[pri:0, instance:TestModule.LoginTest@548e7350]" name="methodSetup" is-config="true" duration-ms="0" started-at="2018-05-30T18:39:15Z" finished-at="2018-05-30T18:39:15Z">
          <params>
            <param index="0">
              <value>
                <![CDATA[public void TestModule.LoginTest.login() throws java.lang.InterruptedException]]>
              </value>
            </param>
          </params>
          <reporter-output>
          </reporter-output>
        </test-method> <!-- methodSetup -->
        <test-method status="PASS" signature="methodSetup1(java.lang.reflect.Method)[pri:0, instance:TestModule.LoginTest@548e7350]" name="methodSetup1" is-config="true" duration-ms="0" started-at="2018-05-30T18:39:23Z" finished-at="2018-05-30T18:39:23Z">
          <params>
            <param index="0">
              <value>
                <![CDATA[public void TestModule.LoginTest.login() throws java.lang.InterruptedException]]>
              </value>
            </param>
          </params>
          <reporter-output>
          </reporter-output>
        </test-method> <!-- methodSetup1 -->
        <test-method status="PASS" signature="afterTest()[pri:0, instance:TestModule.LoginTest@548e7350]" name="afterTest" is-config="true" duration-ms="15" started-at="2018-05-30T18:39:23Z" finished-at="2018-05-30T18:39:23Z">
          <reporter-output>
          </reporter-output>
        </test-method> <!-- afterTest -->
      </class> <!-- TestModule.LoginTest -->
    </test> <!-- IETest -->
    <test name="Edge" duration-ms="14303" started-at="2018-05-30T13:09:11Z" finished-at="2018-05-30T13:09:26Z">
      <class name="TestModule.LoginTest">
        <test-method status="PASS" signature="classSetUp()[pri:0, instance:TestModule.LoginTest@146ba0ac]" name="classSetUp" is-config="true" duration-ms="6" started-at="2018-05-30T18:39:11Z" finished-at="2018-05-30T18:39:11Z">
          <reporter-output>
          </reporter-output>
        </test-method> <!-- classSetUp -->
        <test-method status="PASS" signature="beforeTest(java.lang.String)[pri:0, instance:TestModule.LoginTest@146ba0ac]" name="beforeTest" is-config="true" duration-ms="2458" started-at="2018-05-30T18:39:11Z" finished-at="2018-05-30T18:39:14Z">
          <params>
            <param index="0">
              <value>
                <![CDATA[edge]]>
              </value>
            </param>
          </params>
          <reporter-output>
          </reporter-output>
        </test-method> <!-- beforeTest -->
        <test-method status="PASS" signature="methodSetup(java.lang.reflect.Method)[pri:0, instance:TestModule.LoginTest@146ba0ac]" name="methodSetup" is-config="true" duration-ms="4" started-at="2018-05-30T18:39:14Z" finished-at="2018-05-30T18:39:14Z">
          <params>
            <param index="0">
              <value>
                <![CDATA[public void TestModule.LoginTest.login() throws java.lang.InterruptedException]]>
              </value>
            </param>
          </params>
          <reporter-output>
          </reporter-output>
        </test-method> <!-- methodSetup -->
        <test-method status="PASS" signature="login()[pri:0, instance:TestModule.LoginTest@146ba0ac]" name="login" duration-ms="7506" started-at="2018-05-30T18:39:14Z" description="This is Test Login BMS" finished-at="2018-05-30T18:39:21Z">
          <reporter-output>
          </reporter-output>
        </test-method> <!-- login -->
        <test-method status="PASS" signature="methodSetup1(java.lang.reflect.Method)[pri:0, instance:TestModule.LoginTest@146ba0ac]" name="methodSetup1" is-config="true" duration-ms="2" started-at="2018-05-30T18:39:21Z" finished-at="2018-05-30T18:39:21Z">
          <params>
            <param index="0">
              <value>
                <![CDATA[public void TestModule.LoginTest.login() throws java.lang.InterruptedException]]>
              </value>
            </param>
          </params>
          <reporter-output>
          </reporter-output>
        </test-method> <!-- methodSetup1 -->
        <test-method status="PASS" signature="afterTest()[pri:0, instance:TestModule.LoginTest@146ba0ac]" name="afterTest" is-config="true" duration-ms="4315" started-at="2018-05-30T18:39:21Z" finished-at="2018-05-30T18:39:26Z">
          <reporter-output>
          </reporter-output>
        </test-method> <!-- afterTest -->
        <test-method status="PASS" signature="afterSuite()[pri:0, instance:TestModule.LoginTest@146ba0ac]" name="afterSuite" is-config="true" duration-ms="514" started-at="2018-05-30T18:39:27Z" finished-at="2018-05-30T18:39:27Z">
          <reporter-output>
          </reporter-output>
        </test-method> <!-- afterSuite -->
      </class> <!-- TestModule.LoginTest -->
    </test> <!-- Edge -->
    <test name="ChromeTest" duration-ms="14832" started-at="2018-05-30T13:09:11Z" finished-at="2018-05-30T13:09:26Z">
      <class name="TestModule.LoginTest">
        <test-method status="PASS" signature="classSetUp()[pri:0, instance:TestModule.LoginTest@5e5792a0]" name="classSetUp" is-config="true" duration-ms="6" started-at="2018-05-30T18:39:11Z" finished-at="2018-05-30T18:39:11Z">
          <reporter-output>
          </reporter-output>
        </test-method> <!-- classSetUp -->
        <test-method status="PASS" signature="beforeTest(java.lang.String)[pri:0, instance:TestModule.LoginTest@5e5792a0]" name="beforeTest" is-config="true" duration-ms="5482" started-at="2018-05-30T18:39:11Z" finished-at="2018-05-30T18:39:17Z">
          <params>
            <param index="0">
              <value>
                <![CDATA[chrome]]>
              </value>
            </param>
          </params>
          <reporter-output>
          </reporter-output>
        </test-method> <!-- beforeTest -->
        <test-method status="PASS" signature="login()[pri:0, instance:TestModule.LoginTest@5e5792a0]" name="login" duration-ms="7018" started-at="2018-05-30T18:39:17Z" description="This is Test Login BMS" finished-at="2018-05-30T18:39:24Z">
          <reporter-output>
          </reporter-output>
        </test-method> <!-- login -->
        <test-method status="PASS" signature="methodSetup(java.lang.reflect.Method)[pri:0, instance:TestModule.LoginTest@5e5792a0]" name="methodSetup" is-config="true" duration-ms="0" started-at="2018-05-30T18:39:17Z" finished-at="2018-05-30T18:39:17Z">
          <params>
            <param index="0">
              <value>
                <![CDATA[public void TestModule.LoginTest.login() throws java.lang.InterruptedException]]>
              </value>
            </param>
          </params>
          <reporter-output>
          </reporter-output>
        </test-method> <!-- methodSetup -->
        <test-method status="PASS" signature="methodSetup1(java.lang.reflect.Method)[pri:0, instance:TestModule.LoginTest@5e5792a0]" name="methodSetup1" is-config="true" duration-ms="0" started-at="2018-05-30T18:39:24Z" finished-at="2018-05-30T18:39:24Z">
          <params>
            <param index="0">
              <value>
                <![CDATA[public void TestModule.LoginTest.login() throws java.lang.InterruptedException]]>
              </value>
            </param>
          </params>
          <reporter-output>
          </reporter-output>
        </test-method> <!-- methodSetup1 -->
        <test-method status="PASS" signature="afterTest()[pri:0, instance:TestModule.LoginTest@5e5792a0]" name="afterTest" is-config="true" duration-ms="2320" started-at="2018-05-30T18:39:24Z" finished-at="2018-05-30T18:39:26Z">
          <reporter-output>
          </reporter-output>
        </test-method> <!-- afterTest -->
      </class> <!-- TestModule.LoginTest -->
    </test> <!-- ChromeTest -->
    <test name="FirefoxTest" duration-ms="15147" started-at="2018-05-30T13:09:11Z" finished-at="2018-05-30T13:09:27Z">
      <class name="TestModule.LoginTest">
        <test-method status="PASS" signature="classSetUp()[pri:0, instance:TestModule.LoginTest@39c0f4a]" name="classSetUp" is-config="true" duration-ms="6" started-at="2018-05-30T18:39:11Z" finished-at="2018-05-30T18:39:11Z">
          <reporter-output>
          </reporter-output>
        </test-method> <!-- classSetUp -->
        <test-method status="PASS" signature="beforeTest(java.lang.String)[pri:0, instance:TestModule.LoginTest@39c0f4a]" name="beforeTest" is-config="true" duration-ms="9715" started-at="2018-05-30T18:39:11Z" finished-at="2018-05-30T18:39:21Z">
          <params>
            <param index="0">
              <value>
                <![CDATA[firefox]]>
              </value>
            </param>
          </params>
          <reporter-output>
          </reporter-output>
        </test-method> <!-- beforeTest -->
        <test-method status="PASS" signature="login()[pri:0, instance:TestModule.LoginTest@39c0f4a]" name="login" duration-ms="5241" started-at="2018-05-30T18:39:21Z" description="This is Test Login BMS" finished-at="2018-05-30T18:39:26Z">
          <reporter-output>
          </reporter-output>
        </test-method> <!-- login -->
        <test-method status="PASS" signature="methodSetup(java.lang.reflect.Method)[pri:0, instance:TestModule.LoginTest@39c0f4a]" name="methodSetup" is-config="true" duration-ms="0" started-at="2018-05-30T18:39:21Z" finished-at="2018-05-30T18:39:21Z">
          <params>
            <param index="0">
              <value>
                <![CDATA[public void TestModule.LoginTest.login() throws java.lang.InterruptedException]]>
              </value>
            </param>
          </params>
          <reporter-output>
          </reporter-output>
        </test-method> <!-- methodSetup -->
        <test-method status="PASS" signature="methodSetup1(java.lang.reflect.Method)[pri:0, instance:TestModule.LoginTest@39c0f4a]" name="methodSetup1" is-config="true" duration-ms="1" started-at="2018-05-30T18:39:26Z" finished-at="2018-05-30T18:39:26Z">
          <params>
            <param index="0">
              <value>
                <![CDATA[public void TestModule.LoginTest.login() throws java.lang.InterruptedException]]>
              </value>
            </param>
          </params>
          <reporter-output>
          </reporter-output>
        </test-method> <!-- methodSetup1 -->
        <test-method status="PASS" signature="afterTest()[pri:0, instance:TestModule.LoginTest@39c0f4a]" name="afterTest" is-config="true" duration-ms="179" started-at="2018-05-30T18:39:26Z" finished-at="2018-05-30T18:39:27Z">
          <reporter-output>
          </reporter-output>
        </test-method> <!-- afterTest -->
      </class> <!-- TestModule.LoginTest -->
    </test> <!-- FirefoxTest -->
  </suite> <!-- Parallel test suite -->
</testng-results>
